#
# There is insufficient memory for the Java Runtime Environment to continue.
# Native memory allocation (malloc) failed to allocate 266656 bytes for Chunk::new
# Possible reasons:
#   The system is out of physical RAM or swap space
#   The process is running with CompressedOops enabled, and the Java Heap may be blocking the growth of the native heap
# Possible solutions:
#   Reduce memory load on the system
#   Increase physical memory or swap space
#   Check if swap backing store is full
#   Decrease Java heap size (-Xmx/-Xms)
#   Decrease number of Java threads
#   Decrease Java thread stack sizes (-Xss)
#   Set larger code cache with -XX:ReservedCodeCacheSize=
#   JVM is running with Unscaled Compressed Oops mode in which the Java heap is
#     placed in the first 4GB address space. The Java Heap base address is the
#     maximum limit for the native heap growth. Please use -XX:HeapBaseMinAddress
#     to set the Java Heap base and to place the Java Heap above 4GB virtual address.
# This output file may be truncated or incomplete.
#
#  Out of Memory Error (arena.cpp:189), pid=6524, tid=25664
#
# JRE version: Java(TM) SE Runtime Environment (17.0.4+11) (build 17.0.4+11-LTS-179)
# Java VM: Java HotSpot(TM) 64-Bit Server VM (17.0.4+11-LTS-179, mixed mode, sharing, tiered, compressed oops, compressed class ptrs, g1 gc, windows-amd64)
# No core dump will be written. Minidumps are not enabled by default on client versions of Windows
#

---------------  S U M M A R Y ------------

Command Line: -javaagent:C:\Users\pavit\IntelliJ IDEA Community Edition 2022.2\lib\idea_rt.jar=59126:C:\Users\pavit\IntelliJ IDEA Community Edition 2022.2\bin -Dfile.encoding=UTF-8 com.projectbypp.usermanagementmicroservices.usermanagementmicroservicesApplication

Host: 11th Gen Intel(R) Core(TM) i5-1155G7 @ 2.50GHz, 8 cores, 7G,  Windows 11 , 64 bit Build 22000 (10.0.22000.708)
Time: Wed Sep 21 11:15:07 2022 India Standard Time elapsed time: 382.591157 seconds (0d 0h 6m 22s)

---------------  T H R E A D  ---------------

Current thread (0x000002c8a8e43e40):  JavaThread "C2 CompilerThread0" daemon [_thread_in_native, id=25664, stack(0x000000f789500000,0x000000f789600000)]


Current CompileTask:
C2: 382615 7630   !   4       sun.nio.ch.NioSocketImpl::tryRead (87 bytes)

Stack: [0x000000f789500000,0x000000f789600000]
Native frames: (J=compiled Java code, j=interpreted, Vv=VM code, C=native code)
V  [jvm.dll+0x6723da]
V  [jvm.dll+0x7d1f74]
V  [jvm.dll+0x7d371e]
V  [jvm.dll+0x7d3d83]
V  [jvm.dll+0x242ed5]
V  [jvm.dll+0xaa57b]
V  [jvm.dll+0xaab0c]
V  [jvm.dll+0x360447]
V  [jvm.dll+0x32a7e1]
V  [jvm.dll+0x329c8a]
V  [jvm.dll+0x215ff1]
V  [jvm.dll+0x215411]
V  [jvm.dll+0x1a1fcd]
V  [jvm.dll+0x224c78]
V  [jvm.dll+0x222de5]
V  [jvm.dll+0x787a5b]
V  [jvm.dll+0x78201a]
V  [jvm.dll+0x671265]
C  [ucrtbase.dll+0x26c0c]
C  [KERNEL32.DLL+0x154e0]
C  [ntdll.dll+0x485b]


---------------  P R O C E S S  ---------------

Threads class SMR info:
_java_thread_list=0x000002c8ac95ff40, length=70, elements={
0x000002c8a8e26490, 0x000002c8a8e27040, 0x000002c8a8e3f1e0, 0x000002c8a8e40fa0,
0x000002c8a8e420f0, 0x000002c8a8e42aa0, 0x000002c8a8e43e40, 0x000002c8a8e46e60,
0x000002c8a8e59fa0, 0x000002c8a989c0f0, 0x000002c8a9f21090, 0x000002c8a9f21d70,
0x000002c8aac1b040, 0x000002c8ac7770f0, 0x000002c8aa30bf40, 0x000002c8ab327c10,
0x000002c8acbfc8d0, 0x000002c8aaf6be90, 0x000002c8aaf684d0, 0x000002c8aaf689a0,
0x000002c8aaf69810, 0x000002c8aaf68e70, 0x000002c8aaf69340, 0x000002c8aaf6b4f0,
0x000002c8aaf6b9c0, 0x000002c8aaf69ce0, 0x000002c8aaf6a680, 0x000002c8aaf6a1b0,
0x000002c8acc474a0, 0x000002c8acc452f0, 0x000002c8acc47970, 0x000002c8acc43fb0,
0x000002c8acc44480, 0x000002c8acc457c0, 0x000002c8acc46630, 0x000002c8acc46160,
0x000002c8acc45c90, 0x000002c8acc44950, 0x000002c8acc44e20, 0x000002c8acc46b00,
0x000002c8acc46fd0, 0x000002c8acee9590, 0x000002c8acee90c0, 0x000002c8acee8720,
0x000002c8acee8bf0, 0x000002c8acee7d80, 0x000002c8acee9a60, 0x000002c8acee9f30,
0x000002c8acee8250, 0x000002c8aceea8d0, 0x000002c8aceea400, 0x000002c8acee6f10,
0x000002c8acee73e0, 0x000002c8acee78b0, 0x000002c8aced4e40, 0x000002c8aced9670,
0x000002c8aced57e0, 0x000002c8aced5cb0, 0x000002c8aced3fd0, 0x000002c8aced91a0,
0x000002c8aced7990, 0x000002c8aced9b40, 0x000002c8aced6650, 0x000002c8aced6b20,
0x000002c8acedae80, 0x000002c8acedb350, 0x000002c8aced6180, 0x000002c8aced7e60,
0x000002c8aceda4e0, 0x000002c8aced6ff0
}

Java Threads: ( => current thread )
  0x000002c8a8e26490 JavaThread "Reference Handler" daemon [_thread_blocked, id=23800, stack(0x000000f788f00000,0x000000f789000000)]
  0x000002c8a8e27040 JavaThread "Finalizer" daemon [_thread_blocked, id=32232, stack(0x000000f789000000,0x000000f789100000)]
  0x000002c8a8e3f1e0 JavaThread "Signal Dispatcher" daemon [_thread_blocked, id=29884, stack(0x000000f789100000,0x000000f789200000)]
  0x000002c8a8e40fa0 JavaThread "Attach Listener" daemon [_thread_blocked, id=30124, stack(0x000000f789200000,0x000000f789300000)]
  0x000002c8a8e420f0 JavaThread "Service Thread" daemon [_thread_blocked, id=33900, stack(0x000000f789300000,0x000000f789400000)]
  0x000002c8a8e42aa0 JavaThread "Monitor Deflation Thread" daemon [_thread_blocked, id=13824, stack(0x000000f789400000,0x000000f789500000)]
=>0x000002c8a8e43e40 JavaThread "C2 CompilerThread0" daemon [_thread_in_native, id=25664, stack(0x000000f789500000,0x000000f789600000)]
  0x000002c8a8e46e60 JavaThread "C1 CompilerThread0" daemon [_thread_blocked, id=3780, stack(0x000000f789600000,0x000000f789700000)]
  0x000002c8a8e59fa0 JavaThread "Sweeper thread" daemon [_thread_blocked, id=14796, stack(0x000000f789700000,0x000000f789800000)]
  0x000002c8a989c0f0 JavaThread "Common-Cleaner" daemon [_thread_blocked, id=34252, stack(0x000000f789800000,0x000000f789900000)]
  0x000002c8a9f21090 JavaThread "Monitor Ctrl-Break" daemon [_thread_in_native, id=20936, stack(0x000000f789900000,0x000000f789a00000)]
  0x000002c8a9f21d70 JavaThread "Notification Thread" daemon [_thread_blocked, id=4224, stack(0x000000f789a00000,0x000000f789b00000)]
  0x000002c8aac1b040 JavaThread "Thread-2" daemon [_thread_in_native, id=15640, stack(0x000000f78a500000,0x000000f78a600000)]
  0x000002c8ac7770f0 JavaThread "BufferPoolPruner-1-thread-1" daemon [_thread_blocked, id=22960, stack(0x000000f78a600000,0x000000f78a700000)]
  0x000002c8aa30bf40 JavaThread "cluster-ClusterId{value='632aa36bcff08b340a41d717', description='null'}-ac-nbvaocf-shard-00-02.wsmiowc.mongodb.net:27017" daemon [_thread_in_native, id=22524, stack(0x000000f78a800000,0x000000f78a900000)]
  0x000002c8ab327c10 JavaThread "cluster-rtt-ClusterId{value='632aa36bcff08b340a41d717', description='null'}-ac-nbvaocf-shard-00-02.wsmiowc.mongodb.net:27017" daemon [_thread_blocked, id=21880, stack(0x000000f78a900000,0x000000f78aa00000)]
  0x000002c8acbfc8d0 JavaThread "cluster-ClusterId{value='632aa36bcff08b340a41d717', description='null'}-ac-nbvaocf-shard-00-01.wsmiowc.mongodb.net:27017" daemon [_thread_in_native, id=27200, stack(0x000000f78aa00000,0x000000f78ab00000)]
  0x000002c8aaf6be90 JavaThread "cluster-rtt-ClusterId{value='632aa36bcff08b340a41d717', description='null'}-ac-nbvaocf-shard-00-01.wsmiowc.mongodb.net:27017" daemon [_thread_blocked, id=32704, stack(0x000000f78ab00000,0x000000f78ac00000)]
  0x000002c8aaf684d0 JavaThread "cluster-ClusterId{value='632aa36bcff08b340a41d717', description='null'}-ac-nbvaocf-shard-00-00.wsmiowc.mongodb.net:27017" daemon [_thread_in_native, id=16784, stack(0x000000f78ac00000,0x000000f78ad00000)]
  0x000002c8aaf689a0 JavaThread "cluster-rtt-ClusterId{value='632aa36bcff08b340a41d717', description='null'}-ac-nbvaocf-shard-00-00.wsmiowc.mongodb.net:27017" daemon [_thread_blocked, id=32856, stack(0x000000f78ad00000,0x000000f78ae00000)]
  0x000002c8aaf69810 JavaThread "MaintenanceTimer-3-thread-1" daemon [_thread_blocked, id=16740, stack(0x000000f78af00000,0x000000f78b000000)]
  0x000002c8aaf68e70 JavaThread "MaintenanceTimer-2-thread-1" daemon [_thread_blocked, id=12184, stack(0x000000f78b000000,0x000000f78b100000)]
  0x000002c8aaf69340 JavaThread "MaintenanceTimer-4-thread-1" daemon [_thread_blocked, id=26028, stack(0x000000f78b100000,0x000000f78b200000)]
  0x000002c8aaf6b4f0 JavaThread "Catalina-utility-1" [_thread_blocked, id=26760, stack(0x000000f78b200000,0x000000f78b300000)]
  0x000002c8aaf6b9c0 JavaThread "Catalina-utility-2" [_thread_blocked, id=23660, stack(0x000000f78b300000,0x000000f78b400000)]
  0x000002c8aaf69ce0 JavaThread "container-0" [_thread_blocked, id=14696, stack(0x000000f78b400000,0x000000f78b500000)]
  0x000002c8aaf6a680 JavaThread "async-channel-group-0-selector" [_thread_in_native, id=33192, stack(0x000000f78b500000,0x000000f78b600000)]
  0x000002c8aaf6a1b0 JavaThread "Thread-3" daemon [_thread_in_native, id=31100, stack(0x000000f78b600000,0x000000f78b700000)]
  0x000002c8acc474a0 JavaThread "AsyncGetter-6-thread-1" daemon [_thread_blocked, id=30824, stack(0x000000f78b800000,0x000000f78b900000)]
  0x000002c8acc452f0 JavaThread "cluster-ClusterId{value='632aa370cff08b340a41d718', description='null'}-ac-nbvaocf-shard-00-02.wsmiowc.mongodb.net:27017" daemon [_thread_blocked, id=8036, stack(0x000000f78b900000,0x000000f78ba00000)]
  0x000002c8acc47970 JavaThread "cluster-rtt-ClusterId{value='632aa370cff08b340a41d718', description='null'}-ac-nbvaocf-shard-00-02.wsmiowc.mongodb.net:27017" daemon [_thread_blocked, id=33540, stack(0x000000f78ba00000,0x000000f78bb00000)]
  0x000002c8acc43fb0 JavaThread "AsyncGetter-8-thread-1" daemon [_thread_blocked, id=8356, stack(0x000000f78bb00000,0x000000f78bc00000)]
  0x000002c8acc44480 JavaThread "cluster-ClusterId{value='632aa370cff08b340a41d718', description='null'}-ac-nbvaocf-shard-00-01.wsmiowc.mongodb.net:27017" daemon [_thread_blocked, id=34444, stack(0x000000f78bc00000,0x000000f78bd00000)]
  0x000002c8acc457c0 JavaThread "cluster-rtt-ClusterId{value='632aa370cff08b340a41d718', description='null'}-ac-nbvaocf-shard-00-01.wsmiowc.mongodb.net:27017" daemon [_thread_blocked, id=25824, stack(0x000000f78bd00000,0x000000f78be00000)]
  0x000002c8acc46630 JavaThread "AsyncGetter-10-thread-1" daemon [_thread_blocked, id=33620, stack(0x000000f78be00000,0x000000f78bf00000)]
  0x000002c8acc46160 JavaThread "cluster-ClusterId{value='632aa370cff08b340a41d718', description='null'}-ac-nbvaocf-shard-00-00.wsmiowc.mongodb.net:27017" daemon [_thread_blocked, id=25524, stack(0x000000f78bf00000,0x000000f78c000000)]
  0x000002c8acc45c90 JavaThread "cluster-rtt-ClusterId{value='632aa370cff08b340a41d718', description='null'}-ac-nbvaocf-shard-00-00.wsmiowc.mongodb.net:27017" daemon [_thread_blocked, id=15564, stack(0x000000f78c000000,0x000000f78c100000)]
  0x000002c8acc44950 JavaThread "async-channel-group-0-handler-executor" [_thread_blocked, id=21400, stack(0x000000f78c100000,0x000000f78c200000)]
  0x000002c8acc44e20 JavaThread "async-channel-group-0-handler-executor" [_thread_blocked, id=1444, stack(0x000000f78c200000,0x000000f78c300000)]
  0x000002c8acc46b00 JavaThread "async-channel-group-0-handler-executor" [_thread_blocked, id=22976, stack(0x000000f78c300000,0x000000f78c400000)]
  0x000002c8acc46fd0 JavaThread "async-channel-group-0-handler-executor" [_thread_blocked, id=19464, stack(0x000000f78c400000,0x000000f78c500000)]
  0x000002c8acee9590 JavaThread "async-channel-group-0-handler-executor" [_thread_blocked, id=3216, stack(0x000000f78c500000,0x000000f78c600000)]
  0x000002c8acee90c0 JavaThread "async-channel-group-0-handler-executor" [_thread_blocked, id=21208, stack(0x000000f78c600000,0x000000f78c700000)]
  0x000002c8acee8720 JavaThread "async-channel-group-0-handler-executor" [_thread_blocked, id=34188, stack(0x000000f78c700000,0x000000f78c800000)]
  0x000002c8acee8bf0 JavaThread "async-channel-group-0-handler-executor" [_thread_blocked, id=32988, stack(0x000000f78c800000,0x000000f78c900000)]
  0x000002c8acee7d80 JavaThread "async-channel-group-0-timeout-thread" daemon [_thread_blocked, id=19944, stack(0x000000f78c900000,0x000000f78ca00000)]
  0x000002c8acee9a60 JavaThread "MaintenanceTimer-7-thread-1" daemon [_thread_blocked, id=2992, stack(0x000000f78ca00000,0x000000f78cb00000)]
  0x000002c8acee9f30 JavaThread "MaintenanceTimer-5-thread-1" daemon [_thread_blocked, id=22936, stack(0x000000f78cb00000,0x000000f78cc00000)]
  0x000002c8acee8250 JavaThread "MaintenanceTimer-9-thread-1" daemon [_thread_blocked, id=34340, stack(0x000000f78cc00000,0x000000f78cd00000)]
  0x000002c8aceea8d0 JavaThread "spring.cloud.inetutils" daemon [_thread_blocked, id=27232, stack(0x000000f78cd00000,0x000000f78ce00000)]
  0x000002c8aceea400 JavaThread "AsyncResolver-bootstrap-0" daemon [_thread_blocked, id=34808, stack(0x000000f78ce00000,0x000000f78cf00000)]
  0x000002c8acee6f10 JavaThread "DiscoveryClient-0" daemon [_thread_blocked, id=12936, stack(0x000000f78cf00000,0x000000f78d000000)]
  0x000002c8acee73e0 JavaThread "DiscoveryClient-1" daemon [_thread_blocked, id=34568, stack(0x000000f78d000000,0x000000f78d100000)]
  0x000002c8acee78b0 JavaThread "DiscoveryClient-InstanceInfoReplicator-0" daemon [_thread_blocked, id=23388, stack(0x000000f78d100000,0x000000f78d200000)]
  0x000002c8aced4e40 JavaThread "http-nio-8085-exec-1" daemon [_thread_blocked, id=6468, stack(0x000000f78d200000,0x000000f78d300000)]
  0x000002c8aced9670 JavaThread "http-nio-8085-exec-2" daemon [_thread_blocked, id=29776, stack(0x000000f78d300000,0x000000f78d400000)]
  0x000002c8aced57e0 JavaThread "http-nio-8085-exec-3" daemon [_thread_blocked, id=28824, stack(0x000000f78d400000,0x000000f78d500000)]
  0x000002c8aced5cb0 JavaThread "http-nio-8085-exec-4" daemon [_thread_blocked, id=30664, stack(0x000000f78d500000,0x000000f78d600000)]
  0x000002c8aced3fd0 JavaThread "http-nio-8085-exec-5" daemon [_thread_blocked, id=23948, stack(0x000000f78d600000,0x000000f78d700000)]
  0x000002c8aced91a0 JavaThread "http-nio-8085-exec-6" daemon [_thread_blocked, id=16512, stack(0x000000f78d700000,0x000000f78d800000)]
  0x000002c8aced7990 JavaThread "http-nio-8085-exec-7" daemon [_thread_blocked, id=8716, stack(0x000000f78d800000,0x000000f78d900000)]
  0x000002c8aced9b40 JavaThread "http-nio-8085-exec-8" daemon [_thread_blocked, id=27472, stack(0x000000f78d900000,0x000000f78da00000)]
  0x000002c8aced6650 JavaThread "http-nio-8085-exec-9" daemon [_thread_blocked, id=11308, stack(0x000000f78da00000,0x000000f78db00000)]
  0x000002c8aced6b20 JavaThread "http-nio-8085-exec-10" daemon [_thread_blocked, id=29008, stack(0x000000f78db00000,0x000000f78dc00000)]
  0x000002c8acedae80 JavaThread "http-nio-8085-Poller" daemon [_thread_in_native, id=23000, stack(0x000000f78dc00000,0x000000f78dd00000)]
  0x000002c8acedb350 JavaThread "http-nio-8085-Acceptor" daemon [_thread_in_native, id=2472, stack(0x000000f78dd00000,0x000000f78de00000)]
  0x000002c8aced6180 JavaThread "DestroyJavaVM" [_thread_blocked, id=29116, stack(0x000000f788800000,0x000000f788900000)]
  0x000002c8aced7e60 JavaThread "DiscoveryClient-HeartbeatExecutor-0" daemon [_thread_blocked, id=7784, stack(0x000000f78e000000,0x000000f78e100000)]
  0x000002c8aceda4e0 JavaThread "DiscoveryClient-CacheRefreshExecutor-0" daemon [_thread_in_Java, id=18552, stack(0x000000f78e100000,0x000000f78e200000)]
  0x000002c8aced6ff0 JavaThread "AsyncResolver-bootstrap-executor-0" daemon [_thread_blocked, id=21868, stack(0x000000f788600000,0x000000f788700000)]

Other Threads:
  0x000002c8a8e20250 VMThread "VM Thread" [stack: 0x000000f788e00000,0x000000f788f00000] [id=8800]
  0x000002c8a9f24b40 WatcherThread [stack: 0x000000f789b00000,0x000000f789c00000] [id=29472]
  0x000002c88aeee8a0 GCTaskThread "GC Thread#0" [stack: 0x000000f788900000,0x000000f788a00000] [id=22756]
  0x000002c8aa5c6400 GCTaskThread "GC Thread#1" [stack: 0x000000f789c00000,0x000000f789d00000] [id=32068]
  0x000002c8aa58a590 GCTaskThread "GC Thread#2" [stack: 0x000000f789d00000,0x000000f789e00000] [id=18228]
  0x000002c8aa713210 GCTaskThread "GC Thread#3" [stack: 0x000000f789e00000,0x000000f789f00000] [id=9332]
  0x000002c8aa7134c0 GCTaskThread "GC Thread#4" [stack: 0x000000f789f00000,0x000000f78a000000] [id=26316]
  0x000002c8aa3f7840 GCTaskThread "GC Thread#5" [stack: 0x000000f78a000000,0x000000f78a100000] [id=13024]
  0x000002c8aa3f7af0 GCTaskThread "GC Thread#6" [stack: 0x000000f78a100000,0x000000f78a200000] [id=29412]
  0x000002c8aa720d00 GCTaskThread "GC Thread#7" [stack: 0x000000f78a200000,0x000000f78a300000] [id=33344]
  0x000002c88af00030 ConcurrentGCThread "G1 Main Marker" [stack: 0x000000f788a00000,0x000000f788b00000] [id=16336]
  0x000002c88af00ba0 ConcurrentGCThread "G1 Conc#0" [stack: 0x000000f788b00000,0x000000f788c00000] [id=34068]
  0x000002c8ac41ab20 ConcurrentGCThread "G1 Conc#1" [stack: 0x000000f78a400000,0x000000f78a500000] [id=28708]
  0x000002c8a8ce20c0 ConcurrentGCThread "G1 Refine#0" [stack: 0x000000f788c00000,0x000000f788d00000] [id=29604]
  0x000002c8aa58a840 ConcurrentGCThread "G1 Refine#1" [stack: 0x000000f78a300000,0x000000f78a400000] [id=26064]
  0x000002c8a8ce2ae0 ConcurrentGCThread "G1 Service" [stack: 0x000000f788d00000,0x000000f788e00000] [id=9828]

Threads with active compile tasks:
C2 CompilerThread0   383298 7630   !   4       sun.nio.ch.NioSocketImpl::tryRead (87 bytes)

VM state: not at safepoint (normal execution)

VM Mutex/Monitor currently owned by a thread: None

Heap address: 0x0000000083e00000, size: 1986 MB, Compressed Oops mode: 32-bit

CDS archive(s) mapped at: [0x0000000800000000-0x0000000800bc0000-0x0000000800bc0000), size 12320768, SharedBaseAddress: 0x0000000800000000, ArchiveRelocationMode: 0.
Compressed class space mapped at: 0x0000000800c00000-0x0000000840c00000, reserved size: 1073741824
Narrow klass base: 0x0000000800000000, Narrow klass shift: 0, Narrow klass range: 0x100000000

GC Precious Log:
 CPUs: 8 total, 8 available
 Memory: 7941M
 Large Page Support: Disabled
 NUMA Support: Disabled
 Compressed Oops: Enabled (32-bit)
 Heap Region Size: 1M
 Heap Min Capacity: 8M
 Heap Initial Capacity: 126M
 Heap Max Capacity: 1986M
 Pre-touch: Disabled
 Parallel Workers: 8
 Concurrent Workers: 2
 Concurrent Refinement Workers: 8
 Periodic GC: Disabled

Heap:
 garbage-first heap   total 165888K, used 105688K [0x0000000083e00000, 0x0000000100000000)
  region size 1024K, 39 young (39936K), 7 survivors (7168K)
 Metaspace       used 56955K, committed 57472K, reserved 1105920K
  class space    used 7352K, committed 7616K, reserved 1048576K

Heap Regions: E=young(eden), S=young(survivor), O=old, HS=humongous(starts), HC=humongous(continues), CS=collection set, F=free, OA=open archive, CA=closed archive, TAMS=top-at-mark-start (previous, next)
|   0|0x0000000083e00000, 0x0000000083f00000, 0x0000000083f00000|100%| O|  |TAMS 0x0000000083f00000, 0x0000000083e00000| Untracked 
|   1|0x0000000083f00000, 0x0000000084000000, 0x0000000084000000|100%|HS|  |TAMS 0x0000000084000000, 0x0000000083f00000| Complete 
|   2|0x0000000084000000, 0x0000000084100000, 0x0000000084100000|100%| O|  |TAMS 0x0000000084100000, 0x0000000084000000| Untracked 
|   3|0x0000000084100000, 0x0000000084200000, 0x0000000084200000|100%| O|  |TAMS 0x0000000084200000, 0x0000000084100000| Untracked 
|   4|0x0000000084200000, 0x0000000084300000, 0x0000000084300000|100%| O|  |TAMS 0x0000000084300000, 0x0000000084200000| Untracked 
|   5|0x0000000084300000, 0x0000000084400000, 0x0000000084400000|100%| O|  |TAMS 0x0000000084400000, 0x0000000084300000| Untracked 
|   6|0x0000000084400000, 0x0000000084500000, 0x0000000084500000|100%| O|  |TAMS 0x0000000084500000, 0x0000000084400000| Untracked 
|   7|0x0000000084500000, 0x0000000084600000, 0x0000000084600000|100%| O|  |TAMS 0x0000000084600000, 0x0000000084500000| Untracked 
|   8|0x0000000084600000, 0x0000000084700000, 0x0000000084700000|100%| O|  |TAMS 0x0000000084700000, 0x0000000084600000| Untracked 
|   9|0x0000000084700000, 0x0000000084800000, 0x0000000084800000|100%| O|  |TAMS 0x0000000084800000, 0x0000000084700000| Untracked 
|  10|0x0000000084800000, 0x0000000084900000, 0x0000000084900000|100%| O|  |TAMS 0x0000000084900000, 0x0000000084800000| Untracked 
|  11|0x0000000084900000, 0x0000000084a00000, 0x0000000084a00000|100%| O|  |TAMS 0x0000000084a00000, 0x0000000084900000| Untracked 
|  12|0x0000000084a00000, 0x0000000084b00000, 0x0000000084b00000|100%| O|  |TAMS 0x0000000084b00000, 0x0000000084a00000| Untracked 
|  13|0x0000000084b00000, 0x0000000084c00000, 0x0000000084c00000|100%| O|  |TAMS 0x0000000084c00000, 0x0000000084b00000| Untracked 
|  14|0x0000000084c00000, 0x0000000084d00000, 0x0000000084d00000|100%| O|  |TAMS 0x0000000084d00000, 0x0000000084c00000| Untracked 
|  15|0x0000000084d00000, 0x0000000084e00000, 0x0000000084e00000|100%| O|  |TAMS 0x0000000084e00000, 0x0000000084d00000| Untracked 
|  16|0x0000000084e00000, 0x0000000084f00000, 0x0000000084f00000|100%| O|  |TAMS 0x0000000084f00000, 0x0000000084e00000| Untracked 
|  17|0x0000000084f00000, 0x0000000085000000, 0x0000000085000000|100%| O|  |TAMS 0x0000000085000000, 0x0000000084f00000| Untracked 
|  18|0x0000000085000000, 0x0000000085100000, 0x0000000085100000|100%| O|  |TAMS 0x0000000085100000, 0x0000000085000000| Untracked 
|  19|0x0000000085100000, 0x0000000085200000, 0x0000000085200000|100%| O|  |TAMS 0x0000000085200000, 0x0000000085100000| Untracked 
|  20|0x0000000085200000, 0x0000000085300000, 0x0000000085300000|100%| O|  |TAMS 0x0000000085300000, 0x0000000085200000| Untracked 
|  21|0x0000000085300000, 0x0000000085400000, 0x0000000085400000|100%| O|  |TAMS 0x0000000085400000, 0x0000000085300000| Untracked 
|  22|0x0000000085400000, 0x0000000085500000, 0x0000000085500000|100%| O|  |TAMS 0x0000000085500000, 0x0000000085400000| Untracked 
|  23|0x0000000085500000, 0x0000000085600000, 0x0000000085600000|100%| O|  |TAMS 0x0000000085600000, 0x0000000085500000| Untracked 
|  24|0x0000000085600000, 0x0000000085700000, 0x0000000085700000|100%| O|  |TAMS 0x0000000085700000, 0x0000000085600000| Untracked 
|  25|0x0000000085700000, 0x0000000085800000, 0x0000000085800000|100%| O|  |TAMS 0x0000000085700000, 0x0000000085700000| Untracked 
|  26|0x0000000085800000, 0x0000000085900000, 0x0000000085900000|100%| O|  |TAMS 0x0000000085900000, 0x0000000085800000| Untracked 
|  27|0x0000000085900000, 0x0000000085a00000, 0x0000000085a00000|100%| O|  |TAMS 0x0000000085a00000, 0x0000000085900000| Untracked 
|  28|0x0000000085a00000, 0x0000000085b00000, 0x0000000085b00000|100%| O|  |TAMS 0x0000000085a00000, 0x0000000085a00000| Untracked 
|  29|0x0000000085b00000, 0x0000000085c00000, 0x0000000085c00000|100%| O|  |TAMS 0x0000000085c00000, 0x0000000085b00000| Untracked 
|  30|0x0000000085c00000, 0x0000000085d00000, 0x0000000085d00000|100%| O|  |TAMS 0x0000000085d00000, 0x0000000085c00000| Untracked 
|  31|0x0000000085d00000, 0x0000000085e00000, 0x0000000085e00000|100%| O|  |TAMS 0x0000000085e00000, 0x0000000085d00000| Untracked 
|  32|0x0000000085e00000, 0x0000000085f00000, 0x0000000085f00000|100%| O|  |TAMS 0x0000000085f00000, 0x0000000085e00000| Untracked 
|  33|0x0000000085f00000, 0x0000000086000000, 0x0000000086000000|100%| O|  |TAMS 0x0000000086000000, 0x0000000085f00000| Untracked 
|  34|0x0000000086000000, 0x0000000086100000, 0x0000000086100000|100%| O|  |TAMS 0x0000000086100000, 0x0000000086000000| Untracked 
|  35|0x0000000086100000, 0x0000000086200000, 0x0000000086200000|100%| O|  |TAMS 0x0000000086200000, 0x0000000086100000| Untracked 
|  36|0x0000000086200000, 0x0000000086300000, 0x0000000086300000|100%| O|  |TAMS 0x0000000086300000, 0x0000000086200000| Untracked 
|  37|0x0000000086300000, 0x0000000086400000, 0x0000000086400000|100%| O|  |TAMS 0x0000000086400000, 0x0000000086300000| Untracked 
|  38|0x0000000086400000, 0x0000000086500000, 0x0000000086500000|100%| O|  |TAMS 0x0000000086500000, 0x0000000086400000| Untracked 
|  39|0x0000000086500000, 0x0000000086600000, 0x0000000086600000|100%| O|  |TAMS 0x0000000086532800, 0x0000000086500000| Untracked 
|  40|0x0000000086600000, 0x0000000086700000, 0x0000000086700000|100%| O|  |TAMS 0x0000000086600000, 0x0000000086600000| Untracked 
|  41|0x0000000086700000, 0x0000000086800000, 0x0000000086800000|100%| O|  |TAMS 0x0000000086700000, 0x0000000086700000| Untracked 
|  42|0x0000000086800000, 0x0000000086900000, 0x0000000086900000|100%| O|  |TAMS 0x0000000086800000, 0x0000000086800000| Untracked 
|  43|0x0000000086900000, 0x0000000086a00000, 0x0000000086a00000|100%| O|  |TAMS 0x0000000086900000, 0x0000000086900000| Untracked 
|  44|0x0000000086a00000, 0x0000000086b00000, 0x0000000086b00000|100%| O|  |TAMS 0x0000000086a00000, 0x0000000086a00000| Untracked 
|  45|0x0000000086b00000, 0x0000000086c00000, 0x0000000086c00000|100%| O|  |TAMS 0x0000000086b00000, 0x0000000086b00000| Untracked 
|  46|0x0000000086c00000, 0x0000000086d00000, 0x0000000086d00000|100%| O|  |TAMS 0x0000000086c00000, 0x0000000086c00000| Untracked 
|  47|0x0000000086d00000, 0x0000000086e00000, 0x0000000086e00000|100%| O|  |TAMS 0x0000000086d00000, 0x0000000086d00000| Untracked 
|  48|0x0000000086e00000, 0x0000000086f00000, 0x0000000086f00000|100%| O|  |TAMS 0x0000000086e00000, 0x0000000086e00000| Untracked 
|  49|0x0000000086f00000, 0x0000000087000000, 0x0000000087000000|100%| O|  |TAMS 0x0000000086f00000, 0x0000000086f00000| Untracked 
|  50|0x0000000087000000, 0x0000000087100000, 0x0000000087100000|100%| O|  |TAMS 0x0000000087000000, 0x0000000087000000| Untracked 
|  51|0x0000000087100000, 0x0000000087200000, 0x0000000087200000|100%| O|  |TAMS 0x0000000087100000, 0x0000000087100000| Untracked 
|  52|0x0000000087200000, 0x0000000087300000, 0x0000000087300000|100%| O|  |TAMS 0x0000000087200000, 0x0000000087200000| Untracked 
|  53|0x0000000087300000, 0x0000000087400000, 0x0000000087400000|100%| O|  |TAMS 0x0000000087300000, 0x0000000087300000| Untracked 
|  54|0x0000000087400000, 0x0000000087500000, 0x0000000087500000|100%| O|  |TAMS 0x0000000087400000, 0x0000000087400000| Untracked 
|  55|0x0000000087500000, 0x0000000087600000, 0x0000000087600000|100%| O|  |TAMS 0x0000000087500000, 0x0000000087500000| Untracked 
|  56|0x0000000087600000, 0x0000000087700000, 0x0000000087700000|100%| O|  |TAMS 0x0000000087600000, 0x0000000087600000| Untracked 
|  57|0x0000000087700000, 0x0000000087800000, 0x0000000087800000|100%| O|  |TAMS 0x0000000087700000, 0x0000000087700000| Untracked 
|  58|0x0000000087800000, 0x0000000087900000, 0x0000000087900000|100%| O|  |TAMS 0x0000000087800000, 0x0000000087800000| Untracked 
|  59|0x0000000087900000, 0x0000000087a00000, 0x0000000087a00000|100%| O|  |TAMS 0x0000000087900000, 0x0000000087900000| Untracked 
|  60|0x0000000087a00000, 0x0000000087b00000, 0x0000000087b00000|100%| O|  |TAMS 0x0000000087a00000, 0x0000000087a00000| Untracked 
|  61|0x0000000087b00000, 0x0000000087c00000, 0x0000000087c00000|100%| O|  |TAMS 0x0000000087b00000, 0x0000000087b00000| Untracked 
|  62|0x0000000087c00000, 0x0000000087d00000, 0x0000000087d00000|100%| O|  |TAMS 0x0000000087c00000, 0x0000000087c00000| Untracked 
|  63|0x0000000087d00000, 0x0000000087e00000, 0x0000000087e00000|100%| O|  |TAMS 0x0000000087d00000, 0x0000000087d00000| Untracked 
|  64|0x0000000087e00000, 0x0000000087f00000, 0x0000000087f00000|100%| O|  |TAMS 0x0000000087e00000, 0x0000000087e00000| Untracked 
|  65|0x0000000087f00000, 0x0000000087f36200, 0x0000000088000000| 21%| O|  |TAMS 0x0000000087f00000, 0x0000000087f00000| Untracked 
|  66|0x0000000088000000, 0x0000000088000000, 0x0000000088100000|  0%| F|  |TAMS 0x0000000088000000, 0x0000000088000000| Untracked 
|  67|0x0000000088100000, 0x0000000088100000, 0x0000000088200000|  0%| F|  |TAMS 0x0000000088100000, 0x0000000088100000| Untracked 
|  68|0x0000000088200000, 0x0000000088200000, 0x0000000088300000|  0%| F|  |TAMS 0x0000000088200000, 0x0000000088200000| Untracked 
|  69|0x0000000088300000, 0x0000000088300000, 0x0000000088400000|  0%| F|  |TAMS 0x0000000088300000, 0x0000000088300000| Untracked 
|  70|0x0000000088400000, 0x0000000088400000, 0x0000000088500000|  0%| F|  |TAMS 0x0000000088400000, 0x0000000088400000| Untracked 
|  71|0x0000000088500000, 0x0000000088500000, 0x0000000088600000|  0%| F|  |TAMS 0x0000000088500000, 0x0000000088500000| Untracked 
|  72|0x0000000088600000, 0x0000000088600000, 0x0000000088700000|  0%| F|  |TAMS 0x0000000088600000, 0x0000000088600000| Untracked 
|  73|0x0000000088700000, 0x0000000088700000, 0x0000000088800000|  0%| F|  |TAMS 0x0000000088700000, 0x0000000088700000| Untracked 
|  74|0x0000000088800000, 0x0000000088800000, 0x0000000088900000|  0%| F|  |TAMS 0x0000000088800000, 0x0000000088800000| Untracked 
|  75|0x0000000088900000, 0x0000000088900000, 0x0000000088a00000|  0%| F|  |TAMS 0x0000000088900000, 0x0000000088900000| Untracked 
|  76|0x0000000088a00000, 0x0000000088a00000, 0x0000000088b00000|  0%| F|  |TAMS 0x0000000088a00000, 0x0000000088a00000| Untracked 
|  77|0x0000000088b00000, 0x0000000088b00000, 0x0000000088c00000|  0%| F|  |TAMS 0x0000000088b00000, 0x0000000088b00000| Untracked 
|  78|0x0000000088c00000, 0x0000000088c00000, 0x0000000088d00000|  0%| F|  |TAMS 0x0000000088c00000, 0x0000000088c00000| Untracked 
|  79|0x0000000088d00000, 0x0000000088d00000, 0x0000000088e00000|  0%| F|  |TAMS 0x0000000088d00000, 0x0000000088d00000| Untracked 
|  80|0x0000000088e00000, 0x0000000088e00000, 0x0000000088f00000|  0%| F|  |TAMS 0x0000000088e00000, 0x0000000088e00000| Untracked 
|  81|0x0000000088f00000, 0x0000000088f00000, 0x0000000089000000|  0%| F|  |TAMS 0x0000000088f00000, 0x0000000088f00000| Untracked 
|  82|0x0000000089000000, 0x0000000089000000, 0x0000000089100000|  0%| F|  |TAMS 0x0000000089000000, 0x0000000089000000| Untracked 
|  83|0x0000000089100000, 0x0000000089100000, 0x0000000089200000|  0%| F|  |TAMS 0x0000000089100000, 0x0000000089100000| Untracked 
|  84|0x0000000089200000, 0x0000000089200000, 0x0000000089300000|  0%| F|  |TAMS 0x0000000089200000, 0x0000000089200000| Untracked 
|  85|0x0000000089300000, 0x0000000089300000, 0x0000000089400000|  0%| F|  |TAMS 0x0000000089300000, 0x0000000089300000| Untracked 
|  86|0x0000000089400000, 0x0000000089400000, 0x0000000089500000|  0%| F|  |TAMS 0x0000000089400000, 0x0000000089400000| Untracked 
|  87|0x0000000089500000, 0x0000000089500000, 0x0000000089600000|  0%| F|  |TAMS 0x0000000089500000, 0x0000000089500000| Untracked 
|  88|0x0000000089600000, 0x0000000089600000, 0x0000000089700000|  0%| F|  |TAMS 0x0000000089600000, 0x0000000089600000| Untracked 
|  89|0x0000000089700000, 0x0000000089700000, 0x0000000089800000|  0%| F|  |TAMS 0x0000000089700000, 0x0000000089700000| Untracked 
|  90|0x0000000089800000, 0x0000000089800000, 0x0000000089900000|  0%| F|  |TAMS 0x0000000089800000, 0x0000000089800000| Untracked 
|  91|0x0000000089900000, 0x0000000089900000, 0x0000000089a00000|  0%| F|  |TAMS 0x0000000089900000, 0x0000000089900000| Untracked 
|  92|0x0000000089a00000, 0x0000000089a00000, 0x0000000089b00000|  0%| F|  |TAMS 0x0000000089a00000, 0x0000000089a00000| Untracked 
|  93|0x0000000089b00000, 0x0000000089b00000, 0x0000000089c00000|  0%| F|  |TAMS 0x0000000089b00000, 0x0000000089b00000| Untracked 
|  94|0x0000000089c00000, 0x0000000089c00000, 0x0000000089d00000|  0%| F|  |TAMS 0x0000000089c00000, 0x0000000089c00000| Untracked 
|  95|0x0000000089d00000, 0x0000000089d00000, 0x0000000089e00000|  0%| F|  |TAMS 0x0000000089d00000, 0x0000000089d00000| Untracked 
|  96|0x0000000089e00000, 0x0000000089e00000, 0x0000000089f00000|  0%| F|  |TAMS 0x0000000089e00000, 0x0000000089e00000| Untracked 
|  97|0x0000000089f00000, 0x0000000089f00000, 0x000000008a000000|  0%| F|  |TAMS 0x0000000089f00000, 0x0000000089f00000| Untracked 
|  98|0x000000008a000000, 0x000000008a000000, 0x000000008a100000|  0%| F|  |TAMS 0x000000008a000000, 0x000000008a000000| Untracked 
|  99|0x000000008a100000, 0x000000008a100000, 0x000000008a200000|  0%| F|  |TAMS 0x000000008a100000, 0x000000008a100000| Untracked 
| 100|0x000000008a200000, 0x000000008a200000, 0x000000008a300000|  0%| F|  |TAMS 0x000000008a200000, 0x000000008a200000| Untracked 
| 101|0x000000008a300000, 0x000000008a300000, 0x000000008a400000|  0%| F|  |TAMS 0x000000008a300000, 0x000000008a300000| Untracked 
| 102|0x000000008a400000, 0x000000008a400000, 0x000000008a500000|  0%| F|  |TAMS 0x000000008a400000, 0x000000008a400000| Untracked 
| 103|0x000000008a500000, 0x000000008a500000, 0x000000008a600000|  0%| F|  |TAMS 0x000000008a500000, 0x000000008a500000| Untracked 
| 104|0x000000008a600000, 0x000000008a600000, 0x000000008a700000|  0%| F|  |TAMS 0x000000008a600000, 0x000000008a600000| Untracked 
| 105|0x000000008a700000, 0x000000008a800000, 0x000000008a800000|100%| S|CS|TAMS 0x000000008a700000, 0x000000008a700000| Complete 
| 106|0x000000008a800000, 0x000000008a900000, 0x000000008a900000|100%| S|CS|TAMS 0x000000008a800000, 0x000000008a800000| Complete 
| 107|0x000000008a900000, 0x000000008aa00000, 0x000000008aa00000|100%| S|CS|TAMS 0x000000008a900000, 0x000000008a900000| Complete 
| 108|0x000000008aa00000, 0x000000008ab00000, 0x000000008ab00000|100%| S|CS|TAMS 0x000000008aa00000, 0x000000008aa00000| Complete 
| 109|0x000000008ab00000, 0x000000008ac00000, 0x000000008ac00000|100%| S|CS|TAMS 0x000000008ab00000, 0x000000008ab00000| Complete 
| 110|0x000000008ac00000, 0x000000008ad00000, 0x000000008ad00000|100%| S|CS|TAMS 0x000000008ac00000, 0x000000008ac00000| Complete 
| 111|0x000000008ad00000, 0x000000008ae00000, 0x000000008ae00000|100%| S|CS|TAMS 0x000000008ad00000, 0x000000008ad00000| Complete 
| 112|0x000000008ae00000, 0x000000008ae00000, 0x000000008af00000|  0%| F|  |TAMS 0x000000008ae00000, 0x000000008ae00000| Untracked 
| 113|0x000000008af00000, 0x000000008af00000, 0x000000008b000000|  0%| F|  |TAMS 0x000000008af00000, 0x000000008af00000| Untracked 
| 114|0x000000008b000000, 0x000000008b000000, 0x000000008b100000|  0%| F|  |TAMS 0x000000008b000000, 0x000000008b000000| Untracked 
| 115|0x000000008b100000, 0x000000008b100000, 0x000000008b200000|  0%| F|  |TAMS 0x000000008b100000, 0x000000008b100000| Untracked 
| 116|0x000000008b200000, 0x000000008b200000, 0x000000008b300000|  0%| F|  |TAMS 0x000000008b200000, 0x000000008b200000| Untracked 
| 117|0x000000008b300000, 0x000000008b300000, 0x000000008b400000|  0%| F|  |TAMS 0x000000008b300000, 0x000000008b300000| Untracked 
| 118|0x000000008b400000, 0x000000008b400000, 0x000000008b500000|  0%| F|  |TAMS 0x000000008b400000, 0x000000008b400000| Untracked 
| 119|0x000000008b500000, 0x000000008b500000, 0x000000008b600000|  0%| F|  |TAMS 0x000000008b500000, 0x000000008b500000| Untracked 
| 120|0x000000008b600000, 0x000000008b600000, 0x000000008b700000|  0%| F|  |TAMS 0x000000008b600000, 0x000000008b600000| Untracked 
| 121|0x000000008b700000, 0x000000008b700000, 0x000000008b800000|  0%| F|  |TAMS 0x000000008b700000, 0x000000008b700000| Untracked 
| 122|0x000000008b800000, 0x000000008b800000, 0x000000008b900000|  0%| F|  |TAMS 0x000000008b800000, 0x000000008b800000| Untracked 
| 123|0x000000008b900000, 0x000000008b900000, 0x000000008ba00000|  0%| F|  |TAMS 0x000000008b900000, 0x000000008b900000| Untracked 
| 124|0x000000008ba00000, 0x000000008ba00000, 0x000000008bb00000|  0%| F|  |TAMS 0x000000008ba00000, 0x000000008ba00000| Untracked 
| 125|0x000000008bb00000, 0x000000008bb00000, 0x000000008bc00000|  0%| F|  |TAMS 0x000000008bb00000, 0x000000008bb00000| Untracked 
| 126|0x000000008bc00000, 0x000000008bc00000, 0x000000008bd00000|  0%| F|  |TAMS 0x000000008bc00000, 0x000000008bc00000| Untracked 
| 127|0x000000008bd00000, 0x000000008bd00000, 0x000000008be00000|  0%| F|  |TAMS 0x000000008bd00000, 0x000000008bd00000| Untracked 
| 128|0x000000008be00000, 0x000000008be00000, 0x000000008bf00000|  0%| F|  |TAMS 0x000000008be00000, 0x000000008be00000| Untracked 
| 129|0x000000008bf00000, 0x000000008bf00000, 0x000000008c000000|  0%| F|  |TAMS 0x000000008bf00000, 0x000000008bf00000| Untracked 
| 130|0x000000008c000000, 0x000000008c0317b8, 0x000000008c100000| 19%| E|  |TAMS 0x000000008c000000, 0x000000008c000000| Complete 
| 131|0x000000008c100000, 0x000000008c200000, 0x000000008c200000|100%| E|CS|TAMS 0x000000008c100000, 0x000000008c100000| Complete 
| 132|0x000000008c200000, 0x000000008c300000, 0x000000008c300000|100%| E|CS|TAMS 0x000000008c200000, 0x000000008c200000| Complete 
| 133|0x000000008c300000, 0x000000008c400000, 0x000000008c400000|100%| E|CS|TAMS 0x000000008c300000, 0x000000008c300000| Complete 
| 134|0x000000008c400000, 0x000000008c500000, 0x000000008c500000|100%| E|CS|TAMS 0x000000008c400000, 0x000000008c400000| Complete 
| 135|0x000000008c500000, 0x000000008c600000, 0x000000008c600000|100%| E|CS|TAMS 0x000000008c500000, 0x000000008c500000| Complete 
| 136|0x000000008c600000, 0x000000008c700000, 0x000000008c700000|100%| E|CS|TAMS 0x000000008c600000, 0x000000008c600000| Complete 
| 137|0x000000008c700000, 0x000000008c800000, 0x000000008c800000|100%| E|CS|TAMS 0x000000008c700000, 0x000000008c700000| Complete 
| 138|0x000000008c800000, 0x000000008c900000, 0x000000008c900000|100%| E|CS|TAMS 0x000000008c800000, 0x000000008c800000| Complete 
| 139|0x000000008c900000, 0x000000008ca00000, 0x000000008ca00000|100%| E|CS|TAMS 0x000000008c900000, 0x000000008c900000| Complete 
| 140|0x000000008ca00000, 0x000000008cb00000, 0x000000008cb00000|100%| E|CS|TAMS 0x000000008ca00000, 0x000000008ca00000| Complete 
| 141|0x000000008cb00000, 0x000000008cc00000, 0x000000008cc00000|100%| E|CS|TAMS 0x000000008cb00000, 0x000000008cb00000| Complete 
| 142|0x000000008cc00000, 0x000000008cd00000, 0x000000008cd00000|100%| E|CS|TAMS 0x000000008cc00000, 0x000000008cc00000| Complete 
| 143|0x000000008cd00000, 0x000000008ce00000, 0x000000008ce00000|100%| E|CS|TAMS 0x000000008cd00000, 0x000000008cd00000| Complete 
| 144|0x000000008ce00000, 0x000000008cf00000, 0x000000008cf00000|100%| E|CS|TAMS 0x000000008ce00000, 0x000000008ce00000| Complete 
| 145|0x000000008cf00000, 0x000000008d000000, 0x000000008d000000|100%| E|CS|TAMS 0x000000008cf00000, 0x000000008cf00000| Complete 
| 146|0x000000008d000000, 0x000000008d100000, 0x000000008d100000|100%| E|CS|TAMS 0x000000008d000000, 0x000000008d000000| Complete 
| 147|0x000000008d100000, 0x000000008d200000, 0x000000008d200000|100%| E|CS|TAMS 0x000000008d100000, 0x000000008d100000| Complete 
| 148|0x000000008d200000, 0x000000008d300000, 0x000000008d300000|100%| E|CS|TAMS 0x000000008d200000, 0x000000008d200000| Complete 
| 149|0x000000008d300000, 0x000000008d400000, 0x000000008d400000|100%| E|CS|TAMS 0x000000008d300000, 0x000000008d300000| Complete 
| 150|0x000000008d400000, 0x000000008d500000, 0x000000008d500000|100%| E|CS|TAMS 0x000000008d400000, 0x000000008d400000| Complete 
| 151|0x000000008d500000, 0x000000008d600000, 0x000000008d600000|100%| E|CS|TAMS 0x000000008d500000, 0x000000008d500000| Complete 
| 152|0x000000008d600000, 0x000000008d700000, 0x000000008d700000|100%| E|CS|TAMS 0x000000008d600000, 0x000000008d600000| Complete 
| 153|0x000000008d700000, 0x000000008d800000, 0x000000008d800000|100%| E|CS|TAMS 0x000000008d700000, 0x000000008d700000| Complete 
| 154|0x000000008d800000, 0x000000008d900000, 0x000000008d900000|100%| E|CS|TAMS 0x000000008d800000, 0x000000008d800000| Complete 
| 155|0x000000008d900000, 0x000000008da00000, 0x000000008da00000|100%| E|CS|TAMS 0x000000008d900000, 0x000000008d900000| Complete 
| 156|0x000000008da00000, 0x000000008db00000, 0x000000008db00000|100%| E|CS|TAMS 0x000000008da00000, 0x000000008da00000| Complete 
| 157|0x000000008db00000, 0x000000008dc00000, 0x000000008dc00000|100%| E|CS|TAMS 0x000000008db00000, 0x000000008db00000| Complete 
| 158|0x000000008dc00000, 0x000000008dd00000, 0x000000008dd00000|100%| E|CS|TAMS 0x000000008dc00000, 0x000000008dc00000| Complete 
| 159|0x000000008dd00000, 0x000000008de00000, 0x000000008de00000|100%| E|CS|TAMS 0x000000008dd00000, 0x000000008dd00000| Complete 
| 160|0x000000008de00000, 0x000000008df00000, 0x000000008df00000|100%| E|CS|TAMS 0x000000008de00000, 0x000000008de00000| Complete 
| 161|0x000000008df00000, 0x000000008e000000, 0x000000008e000000|100%| E|CS|TAMS 0x000000008df00000, 0x000000008df00000| Complete 

Card table byte_map: [0x000002c8a1e20000,0x000002c8a2210000] _byte_map_base: 0x000002c8a1a01000

Marking Bits (Prev, Next): (CMBitMap*) 0x000002c88aeeeef0, (CMBitMap*) 0x000002c88aeeeeb0
 Prev Bits: [0x000002c8a4510000, 0x000002c8a6418000)
 Next Bits: [0x000002c8a2600000, 0x000002c8a4508000)

Polling page: 0x000002c888e10000

Metaspace:

Usage:
  Non-class:     48.44 MB used.
      Class:      7.18 MB used.
       Both:     55.62 MB used.

Virtual space:
  Non-class space:       56.00 MB reserved,      48.69 MB ( 87%) committed,  7 nodes.
      Class space:        1.00 GB reserved,       7.44 MB ( <1%) committed,  1 nodes.
             Both:        1.05 GB reserved,      56.12 MB (  5%) committed. 

Chunk freelists:
   Non-Class:  2.97 MB
       Class:  622.00 KB
        Both:  3.58 MB

MaxMetaspaceSize: unlimited
CompressedClassSpaceSize: 1.00 GB
Initial GC threshold: 21.00 MB
Current GC threshold: 78.12 MB
CDS: on
MetaspaceReclaimPolicy: balanced
 - commit_granule_bytes: 65536.
 - commit_granule_words: 8192.
 - virtual_space_node_default_size: 1048576.
 - enlarge_chunks_in_place: 1.
 - new_chunks_are_fully_committed: 0.
 - uncommit_free_chunks: 1.
 - use_allocation_guard: 0.
 - handle_deallocations: 1.


Internal statistics:

num_allocs_failed_limit: 6.
num_arena_births: 572.
num_arena_deaths: 0.
num_vsnodes_births: 8.
num_vsnodes_deaths: 0.
num_space_committed: 898.
num_space_uncommitted: 0.
num_chunks_returned_to_freelist: 6.
num_chunks_taken_from_freelist: 2519.
num_chunk_merges: 3.
num_chunk_splits: 1718.
num_chunks_enlarged: 1269.
num_purges: 0.
num_inconsistent_stats: 0.

CodeHeap 'non-profiled nmethods': size=120000Kb used=2931Kb max_used=2931Kb free=117068Kb
 bounds [0x000002c89a1d0000, 0x000002c89a4b0000, 0x000002c8a1700000]
CodeHeap 'profiled nmethods': size=120000Kb used=14378Kb max_used=14378Kb free=105621Kb
 bounds [0x000002c892ca0000, 0x000002c893ab0000, 0x000002c89a1d0000]
CodeHeap 'non-nmethods': size=5760Kb used=1316Kb max_used=1368Kb free=4443Kb
 bounds [0x000002c892700000, 0x000002c892970000, 0x000002c892ca0000]
 total_blobs=7383 nmethods=6760 adapters=534
 compilation: enabled
              stopped_count=0, restarted_count=0
 full_count=0

Compilation events (20 events):
Event: 372.645 Thread 0x000002c8a8e46e60 nmethod 7619 0x000002c893aa4c90 code [0x000002c893aa4fa0, 0x000002c893aa62d8]
Event: 377.611 Thread 0x000002c8a8e46e60 7620       3       sun.security.ssl.OutputRecord::calculateFragmentSize (37 bytes)
Event: 377.729 Thread 0x000002c8a8e46e60 nmethod 7620 0x000002c893aa6b10 code [0x000002c893aa6cc0, 0x000002c893aa6f68]
Event: 378.854 Thread 0x000002c8a8e46e60 7623       3       com.mongodb.connection.ServerDescription$Builder::address (7 bytes)
Event: 378.872 Thread 0x000002c8a8e46e60 nmethod 7623 0x000002c893aa7090 code [0x000002c893aa7220, 0x000002c893aa7378]
Event: 379.710 Thread 0x000002c8a8e43e40 7624       4       java.util.regex.Pattern$GroupHead::match (47 bytes)
Event: 379.810 Thread 0x000002c8a8e46e60 7625       3       org.springframework.web.util.UriComponents::expandUriComponent (152 bytes)
Event: 379.940 Thread 0x000002c8a8e46e60 nmethod 7625 0x000002c893aa7410 code [0x000002c893aa77a0, 0x000002c893aa8c58]
Event: 380.072 Thread 0x000002c8a8e46e60 7626       3       org.springframework.web.util.UriComponentsBuilder::resetSchemeSpecificPart (6 bytes)
Event: 380.133 Thread 0x000002c8a8e46e60 nmethod 7626 0x000002c893aa9390 code [0x000002c893aa9520, 0x000002c893aa9658]
Event: 380.134 Thread 0x000002c8a8e46e60 7627       3       org.springframework.util.MultiValueMapAdapter::entrySet (10 bytes)
Event: 380.151 Thread 0x000002c8a8e43e40 nmethod 7624 0x000002c89a4aaf90 code [0x000002c89a4ab160, 0x000002c89a4abf18]
Event: 380.152 Thread 0x000002c8a8e46e60 nmethod 7627 0x000002c893aa9710 code [0x000002c893aa98c0, 0x000002c893aa9a88]
Event: 380.530 Thread 0x000002c8a8e46e60 7628       1       org.springframework.util.MimeType::getSubtype (5 bytes)
Event: 380.576 Thread 0x000002c8a8e46e60 nmethod 7628 0x000002c89a4ac610 code [0x000002c89a4ac7a0, 0x000002c89a4ac878]
Event: 381.111 Thread 0x000002c8a8e46e60 7629       3       java.nio.charset.CharsetDecoder::decode (136 bytes)
Event: 381.308 Thread 0x000002c8a8e46e60 nmethod 7629 0x000002c893aa9b90 code [0x000002c893aa9e40, 0x000002c893aaac38]
Event: 381.549 Thread 0x000002c8a8e43e40 7630   !   4       sun.nio.ch.NioSocketImpl::tryRead (87 bytes)
Event: 381.604 Thread 0x000002c8a8e46e60 7631       3       org.apache.http.util.LangUtils::hashCode (7 bytes)
Event: 381.621 Thread 0x000002c8a8e46e60 nmethod 7631 0x000002c8934aec10 code [0x000002c8934aeda0, 0x000002c8934aee98]

GC Heap History (20 events):
Event: 8.340 GC heap before
{Heap before GC invocations=11 (full 0):
 garbage-first heap   total 58368K, used 24774K [0x0000000083e00000, 0x0000000100000000)
  region size 1024K, 4 young (4096K), 3 survivors (3072K)
 Metaspace       used 40684K, committed 41088K, reserved 1089536K
  class space    used 5283K, committed 5440K, reserved 1048576K
}
Event: 8.350 GC heap after
{Heap after GC invocations=12 (full 0):
 garbage-first heap   total 73728K, used 23461K [0x0000000083e00000, 0x0000000100000000)
  region size 1024K, 1 young (1024K), 1 survivors (1024K)
 Metaspace       used 40684K, committed 41088K, reserved 1089536K
  class space    used 5283K, committed 5440K, reserved 1048576K
}
Event: 9.505 GC heap before
{Heap before GC invocations=12 (full 0):
 garbage-first heap   total 73728K, used 53157K [0x0000000083e00000, 0x0000000100000000)
  region size 1024K, 30 young (30720K), 1 survivors (1024K)
 Metaspace       used 44850K, committed 45184K, reserved 1089536K
  class space    used 5858K, committed 6016K, reserved 1048576K
}
Event: 9.514 GC heap after
{Heap after GC invocations=13 (full 0):
 garbage-first heap   total 73728K, used 25559K [0x0000000083e00000, 0x0000000100000000)
  region size 1024K, 3 young (3072K), 3 survivors (3072K)
 Metaspace       used 44850K, committed 45184K, reserved 1089536K
  class space    used 5858K, committed 6016K, reserved 1048576K
}
Event: 10.415 GC heap before
{Heap before GC invocations=13 (full 0):
 garbage-first heap   total 73728K, used 54231K [0x0000000083e00000, 0x0000000100000000)
  region size 1024K, 31 young (31744K), 3 survivors (3072K)
 Metaspace       used 47377K, committed 47808K, reserved 1097728K
  class space    used 6160K, committed 6400K, reserved 1048576K
}
Event: 10.421 GC heap after
{Heap after GC invocations=14 (full 0):
 garbage-first heap   total 73728K, used 30885K [0x0000000083e00000, 0x0000000100000000)
  region size 1024K, 4 young (4096K), 4 survivors (4096K)
 Metaspace       used 47377K, committed 47808K, reserved 1097728K
  class space    used 6160K, committed 6400K, reserved 1048576K
}
Event: 10.580 GC heap before
{Heap before GC invocations=14 (full 0):
 garbage-first heap   total 73728K, used 55461K [0x0000000083e00000, 0x0000000100000000)
  region size 1024K, 27 young (27648K), 4 survivors (4096K)
 Metaspace       used 47429K, committed 47872K, reserved 1097728K
  class space    used 6160K, committed 6400K, reserved 1048576K
}
Event: 10.585 GC heap after
{Heap after GC invocations=15 (full 0):
 garbage-first heap   total 73728K, used 36777K [0x0000000083e00000, 0x0000000100000000)
  region size 1024K, 4 young (4096K), 4 survivors (4096K)
 Metaspace       used 47429K, committed 47872K, reserved 1097728K
  class space    used 6160K, committed 6400K, reserved 1048576K
}
Event: 10.878 GC heap before
{Heap before GC invocations=15 (full 0):
 garbage-first heap   total 73728K, used 54185K [0x0000000083e00000, 0x0000000100000000)
  region size 1024K, 22 young (22528K), 4 survivors (4096K)
 Metaspace       used 47578K, committed 48000K, reserved 1097728K
  class space    used 6171K, committed 6400K, reserved 1048576K
}
Event: 10.883 GC heap after
{Heap after GC invocations=16 (full 0):
 garbage-first heap   total 73728K, used 43210K [0x0000000083e00000, 0x0000000100000000)
  region size 1024K, 3 young (3072K), 3 survivors (3072K)
 Metaspace       used 47578K, committed 48000K, reserved 1097728K
  class space    used 6171K, committed 6400K, reserved 1048576K
}
Event: 10.973 GC heap before
{Heap before GC invocations=16 (full 0):
 garbage-first heap   total 73728K, used 54474K [0x0000000083e00000, 0x0000000100000000)
  region size 1024K, 15 young (15360K), 3 survivors (3072K)
 Metaspace       used 47584K, committed 48000K, reserved 1097728K
  class space    used 6171K, committed 6400K, reserved 1048576K
}
Event: 10.977 GC heap after
{Heap after GC invocations=17 (full 0):
 garbage-first heap   total 73728K, used 46537K [0x0000000083e00000, 0x0000000100000000)
  region size 1024K, 2 young (2048K), 2 survivors (2048K)
 Metaspace       used 47584K, committed 48000K, reserved 1097728K
  class space    used 6171K, committed 6400K, reserved 1048576K
}
Event: 11.046 GC heap before
{Heap before GC invocations=17 (full 0):
 garbage-first heap   total 81920K, used 54729K [0x0000000083e00000, 0x0000000100000000)
  region size 1024K, 12 young (12288K), 2 survivors (2048K)
 Metaspace       used 47591K, committed 48000K, reserved 1097728K
  class space    used 6172K, committed 6400K, reserved 1048576K
}
Event: 11.049 GC heap after
{Heap after GC invocations=18 (full 0):
 garbage-first heap   total 165888K, used 48556K [0x0000000083e00000, 0x0000000100000000)
  region size 1024K, 2 young (2048K), 2 survivors (2048K)
 Metaspace       used 47591K, committed 48000K, reserved 1097728K
  class space    used 6172K, committed 6400K, reserved 1048576K
}
Event: 11.340 GC heap before
{Heap before GC invocations=19 (full 0):
 garbage-first heap   total 165888K, used 117164K [0x0000000083e00000, 0x0000000100000000)
  region size 1024K, 66 young (67584K), 2 survivors (2048K)
 Metaspace       used 47641K, committed 48128K, reserved 1097728K
  class space    used 6172K, committed 6400K, reserved 1048576K
}
Event: 11.354 GC heap after
{Heap after GC invocations=20 (full 0):
 garbage-first heap   total 165888K, used 64236K [0x0000000083e00000, 0x0000000100000000)
  region size 1024K, 9 young (9216K), 9 survivors (9216K)
 Metaspace       used 47641K, committed 48128K, reserved 1097728K
  class space    used 6172K, committed 6400K, reserved 1048576K
}
Event: 11.361 GC heap before
{Heap before GC invocations=20 (full 0):
 garbage-first heap   total 165888K, used 65260K [0x0000000083e00000, 0x0000000100000000)
  region size 1024K, 10 young (10240K), 9 survivors (9216K)
 Metaspace       used 47641K, committed 48128K, reserved 1097728K
  class space    used 6172K, committed 6400K, reserved 1048576K
}
Event: 11.367 GC heap after
{Heap after GC invocations=21 (full 0):
 garbage-first heap   total 165888K, used 65196K [0x0000000083e00000, 0x0000000100000000)
  region size 1024K, 1 young (1024K), 1 survivors (1024K)
 Metaspace       used 47641K, committed 48128K, reserved 1097728K
  class space    used 6172K, committed 6400K, reserved 1048576K
}
Event: 13.663 GC heap before
{Heap before GC invocations=21 (full 0):
 garbage-first heap   total 165888K, used 115372K [0x0000000083e00000, 0x0000000100000000)
  region size 1024K, 50 young (51200K), 1 survivors (1024K)
 Metaspace       used 53324K, committed 53824K, reserved 1097728K
  class space    used 6944K, committed 7168K, reserved 1048576K
}
Event: 13.670 GC heap after
{Heap after GC invocations=22 (full 0):
 garbage-first heap   total 165888K, used 73944K [0x0000000083e00000, 0x0000000100000000)
  region size 1024K, 7 young (7168K), 7 survivors (7168K)
 Metaspace       used 53324K, committed 53824K, reserved 1097728K
  class space    used 6944K, committed 7168K, reserved 1048576K
}

Deoptimization events (20 events):
Event: 168.640 Thread 0x000002c8acbfc8d0 Uncommon trap: trap_request=0xffffffde fr.pc=0x000002c89a485840 relative=0x00000000000000a0
Event: 168.640 Thread 0x000002c8aaf684d0 Uncommon trap: trap_request=0xffffffde fr.pc=0x000002c89a485840 relative=0x00000000000000a0
Event: 168.640 Thread 0x000002c8acbfc8d0 Uncommon trap: reason=class_check action=maybe_recompile pc=0x000002c89a485840 method=org.bson.ByteBufNIO.get()B @ 4 c2
Event: 168.640 Thread 0x000002c8aaf684d0 Uncommon trap: reason=class_check action=maybe_recompile pc=0x000002c89a485840 method=org.bson.ByteBufNIO.get()B @ 4 c2
Event: 168.640 Thread 0x000002c8acbfc8d0 DEOPT PACKING pc=0x000002c89a485840 sp=0x000000f78aafef00
Event: 168.640 Thread 0x000002c8aaf684d0 DEOPT PACKING pc=0x000002c89a485840 sp=0x000000f78acff090
Event: 168.641 Thread 0x000002c8aaf684d0 DEOPT UNPACKING pc=0x000002c892755c23 sp=0x000000f78acff040 mode 2
Event: 168.641 Thread 0x000002c8acbfc8d0 DEOPT UNPACKING pc=0x000002c892755c23 sp=0x000000f78aafeeb0 mode 2
Event: 168.665 Thread 0x000002c8aa30bf40 Uncommon trap: trap_request=0xffffffde fr.pc=0x000002c89a485840 relative=0x00000000000000a0
Event: 168.665 Thread 0x000002c8aa30bf40 Uncommon trap: reason=class_check action=maybe_recompile pc=0x000002c89a485840 method=org.bson.ByteBufNIO.get()B @ 4 c2
Event: 168.665 Thread 0x000002c8aa30bf40 DEOPT PACKING pc=0x000002c89a485840 sp=0x000000f78a8feef0
Event: 168.665 Thread 0x000002c8aa30bf40 DEOPT UNPACKING pc=0x000002c892755c23 sp=0x000000f78a8feea0 mode 2
Event: 169.735 Thread 0x000002c8aaf689a0 Uncommon trap: trap_request=0xffffffde fr.pc=0x000002c89a485840 relative=0x00000000000000a0
Event: 169.735 Thread 0x000002c8aaf689a0 Uncommon trap: reason=class_check action=maybe_recompile pc=0x000002c89a485840 method=org.bson.ByteBufNIO.get()B @ 4 c2
Event: 169.735 Thread 0x000002c8aaf689a0 DEOPT PACKING pc=0x000002c89a485840 sp=0x000000f78adfeaf0
Event: 169.735 Thread 0x000002c8aaf689a0 DEOPT UNPACKING pc=0x000002c892755c23 sp=0x000000f78adfeaa0 mode 2
Event: 347.066 Thread 0x000002c8acc45c90 Uncommon trap: trap_request=0xffffff45 fr.pc=0x000002c89a499874 relative=0x00000000000000d4
Event: 347.076 Thread 0x000002c8acc45c90 Uncommon trap: reason=unstable_if action=reinterpret pc=0x000002c89a499874 method=java.util.concurrent.atomic.LongAdder.add(J)V @ 82 c2
Event: 347.081 Thread 0x000002c8acc45c90 DEOPT PACKING pc=0x000002c89a499874 sp=0x000000f78c0feb00
Event: 347.085 Thread 0x000002c8acc45c90 DEOPT UNPACKING pc=0x000002c892755c23 sp=0x000000f78c0fe9e8 mode 2

Classes unloaded (0 events):
No events

Classes redefined (0 events):
No events

Internal exceptions (20 events):
Event: 9.070 Thread 0x000002c88ae94660 Exception <a 'java/lang/ClassNotFoundException'{0x0000000087117538}: org/springframework/beans/factory/AwareCustomizer> (0x0000000087117538) 
thrown [s\open\src\hotspot\share\classfile\systemDictionary.cpp, line 256]
Event: 9.070 Thread 0x000002c88ae94660 Exception <a 'java/lang/ClassNotFoundException'{0x000000008711b5c8}: org/springframework/beans/factory/BeanClassLoaderAwareCustomizer> (0x000000008711b5c8) 
thrown [s\open\src\hotspot\share\classfile\systemDictionary.cpp, line 256]
Event: 9.071 Thread 0x000002c88ae94660 Exception <a 'java/lang/ClassNotFoundException'{0x00000000871201a8}: org/springframework/beans/factory/AwareCustomizer> (0x00000000871201a8) 
thrown [s\open\src\hotspot\share\classfile\systemDictionary.cpp, line 256]
Event: 9.137 Thread 0x000002c88ae94660 Implicit null exception at 0x000002c89a2cb8d1 to 0x000002c89a2cb982
Event: 9.340 Thread 0x000002c88ae94660 Exception <a 'java/lang/ClassNotFoundException'{0x0000000086b55f58}: java/lang/ObjectCustomizer> (0x0000000086b55f58) 
thrown [s\open\src\hotspot\share\classfile\systemDictionary.cpp, line 256]
Event: 9.341 Thread 0x000002c88ae94660 Exception <a 'java/lang/ClassNotFoundException'{0x0000000086b5def0}: org/springframework/security/config/annotation/web/configuration/HttpSecurityConfigurationCustomizer> (0x0000000086b5def0) 
thrown [s\open\src\hotspot\share\classfile\systemDictionary.cpp, line 256]
Event: 9.667 Thread 0x000002c88ae94660 Exception <a 'java/lang/NoSuchMethodError'{0x000000008a995a80}: 'void java.lang.invoke.DirectMethodHandle$Holder.invokeVirtual(java.lang.Object, java.lang.Object, long)'> (0x000000008a995a80) 
thrown [s\open\src\hotspot\share\interpreter\linkResolver.cpp, line 759]
Event: 10.067 Thread 0x000002c88ae94660 Exception <a 'java/lang/IncompatibleClassChangeError'{0x0000000087c375e8}: Found class java.lang.Object, but interface was expected> (0x0000000087c375e8) 
thrown [s\open\src\hotspot\share\interpreter\linkResolver.cpp, line 826]
Event: 11.903 Thread 0x000002c88ae94660 Exception <a 'java/lang/NoSuchMethodError'{0x000000008ce08910}: 'java.lang.Object java.lang.invoke.DirectMethodHandle$Holder.invokeVirtual(java.lang.Object, java.lang.Object, java.lang.Object, java.lang.Object, java.lang.Object)'> (0x000000008ce08910) 
thrown [s\open\src\hotspot\share\interpreter\linkResolver.cpp, line 759]
Event: 12.127 Thread 0x000002c88ae94660 Exception <a 'java/lang/ClassNotFoundException'{0x000000008c4f1360}: java/lang/ObjectCustomizer> (0x000000008c4f1360) 
thrown [s\open\src\hotspot\share\classfile\systemDictionary.cpp, line 256]
Event: 12.129 Thread 0x000002c88ae94660 Exception <a 'java/lang/ClassNotFoundException'{0x000000008c4f92a8}: org/springframework/cloud/client/discovery/simple/SimpleDiscoveryClientAutoConfigurationCustomizer> (0x000000008c4f92a8) 
thrown [s\open\src\hotspot\share\classfile\systemDictionary.cpp, line 256]
Event: 12.131 Thread 0x000002c88ae94660 Exception <a 'java/lang/ClassNotFoundException'{0x000000008c304e80}: org/springframework/context/ApplicationListenerCustomizer> (0x000000008c304e80) 
thrown [s\open\src\hotspot\share\classfile\systemDictionary.cpp, line 256]
Event: 12.137 Thread 0x000002c88ae94660 Exception <a 'java/lang/ClassNotFoundException'{0x000000008c30be20}: java/util/EventListenerCustomizer> (0x000000008c30be20) 
thrown [s\open\src\hotspot\share\classfile\systemDictionary.cpp, line 256]
Event: 12.179 Thread 0x000002c8acee90c0 Exception <a 'java/lang/NoSuchMethodError'{0x000000008c27b938}: 'java.lang.Object java.lang.invoke.DirectMethodHandle$Holder.invokeSpecial(java.lang.Object, java.lang.Object, java.lang.Object, long, java.lang.Object)'> (0x000000008c27b938) 
thrown [s\open\src\hotspot\share\interpreter\linkResolver.cpp, line 759]
Event: 12.179 Thread 0x000002c8acee90c0 Exception <a 'java/lang/NoSuchMethodError'{0x000000008c27f260}: 'java.lang.Object java.lang.invoke.Invokers$Holder.linkToTargetMethod(java.lang.Object, long, java.lang.Object, java.lang.Object)'> (0x000000008c27f260) 
thrown [s\open\src\hotspot\share\interpreter\linkResolver.cpp, line 759]
Event: 13.026 Thread 0x000002c88ae94660 Exception <a 'java/lang/NoSuchMethodError'{0x000000008b609060}: 'java.lang.Object java.lang.invoke.DirectMethodHandle$Holder.newInvokeSpecial(java.lang.Object, java.lang.Object, int, java.lang.Object, java.lang.Object)'> (0x000000008b609060) 
thrown [s\open\src\hotspot\share\interpreter\linkResolver.cpp, line 759]
Event: 13.028 Thread 0x000002c88ae94660 Exception <a 'java/lang/NoSuchMethodError'{0x000000008b6148a0}: 'java.lang.Object java.lang.invoke.DirectMethodHandle$Holder.invokeSpecial(java.lang.Object, java.lang.Object, int, java.lang.Object, int, java.lang.Object)'> (0x000000008b6148a0) 
thrown [s\open\src\hotspot\share\interpreter\linkResolver.cpp, line 759]
Event: 13.028 Thread 0x000002c88ae94660 Exception <a 'java/lang/NoSuchMethodError'{0x000000008b61c6a0}: 'java.lang.Object java.lang.invoke.DirectMethodHandle$Holder.newInvokeSpecial(java.lang.Object, java.lang.Object, int, java.lang.Object, int)'> (0x000000008b61c6a0) 
thrown [s\open\src\hotspot\share\interpreter\linkResolver.cpp, line 759]
Event: 13.029 Thread 0x000002c88ae94660 Exception <a 'java/lang/NoSuchMethodError'{0x000000008b6207a0}: 'java.lang.Object java.lang.invoke.DirectMethodHandle$Holder.invokeSpecial(java.lang.Object, java.lang.Object, java.lang.Object, int, java.lang.Object, int)'> (0x000000008b6207a0) 
thrown [s\open\src\hotspot\share\interpreter\linkResolver.cpp, line 759]
Event: 13.138 Thread 0x000002c88ae94660 Exception <a 'java/lang/IncompatibleClassChangeError'{0x000000008b40bdf0}: Found class java.lang.Object, but interface was expected> (0x000000008b40bdf0) 
thrown [s\open\src\hotspot\share\interpreter\linkResolver.cpp, line 826]

VM Operations (20 events):
Event: 333.051 Executing VM operation: Cleanup
Event: 333.068 Executing VM operation: Cleanup done
Event: 338.109 Executing VM operation: Cleanup
Event: 338.109 Executing VM operation: Cleanup done
Event: 339.110 Executing VM operation: Cleanup
Event: 339.110 Executing VM operation: Cleanup done
Event: 343.158 Executing VM operation: Cleanup
Event: 343.160 Executing VM operation: Cleanup done
Event: 347.184 Executing VM operation: Cleanup
Event: 347.246 Executing VM operation: Cleanup done
Event: 349.266 Executing VM operation: Cleanup
Event: 349.281 Executing VM operation: Cleanup done
Event: 352.756 Executing VM operation: Cleanup
Event: 352.778 Executing VM operation: Cleanup done
Event: 357.827 Executing VM operation: Cleanup
Event: 357.836 Executing VM operation: Cleanup done
Event: 358.845 Executing VM operation: Cleanup
Event: 358.845 Executing VM operation: Cleanup done
Event: 381.105 Executing VM operation: Cleanup
Event: 381.135 Executing VM operation: Cleanup done

Events (20 events):
Event: 14.165 Thread 0x000002c8aced91a0 Thread added: 0x000002c8aced91a0
Event: 14.165 Thread 0x000002c8aced7990 Thread added: 0x000002c8aced7990
Event: 14.165 Thread 0x000002c8aced9b40 Thread added: 0x000002c8aced9b40
Event: 14.165 Thread 0x000002c8aced6650 Thread added: 0x000002c8aced6650
Event: 14.165 Thread 0x000002c8aced6b20 Thread added: 0x000002c8aced6b20
Event: 14.172 Thread 0x000002c8acedae80 Thread added: 0x000002c8acedae80
Event: 14.175 Thread 0x000002c8acedb350 Thread added: 0x000002c8acedb350
Event: 14.176 loading class java/util/TreeMap$ValueSpliterator
Event: 14.177 loading class java/util/TreeMap$TreeMapSpliterator
Event: 14.178 loading class java/util/TreeMap$TreeMapSpliterator done
Event: 14.178 loading class java/util/TreeMap$ValueSpliterator done
Event: 14.436 loading class jdk/internal/math/FDBigInteger
Event: 14.437 loading class jdk/internal/math/FDBigInteger done
Event: 14.444 Thread 0x000002c88ae94660 Thread exited: 0x000002c88ae94660
Event: 14.444 Thread 0x000002c8aced6180 Thread added: 0x000002c8aced6180
Event: 44.155 Thread 0x000002c8aced7e60 Thread added: 0x000002c8aced7e60
Event: 44.156 Thread 0x000002c8aceda4e0 Thread added: 0x000002c8aceda4e0
Event: 67.390 Thread 0x000002c8ab15a9a0 Thread exited: 0x000002c8ab15a9a0
Event: 71.983 Thread 0x000002c8aaf6ab50 Thread exited: 0x000002c8aaf6ab50
Event: 313.658 Thread 0x000002c8aced6ff0 Thread added: 0x000002c8aced6ff0


Dynamic libraries:
0x00007ff6810c0000 - 0x00007ff6810d0000 	C:\Program Files\Java\jdk-17.0.4\bin\java.exe
0x00007ffcf7320000 - 0x00007ffcf7529000 	C:\windows\SYSTEM32\ntdll.dll
0x00007ffcf62d0000 - 0x00007ffcf638d000 	C:\windows\System32\KERNEL32.DLL
0x00007ffcf4a10000 - 0x00007ffcf4d8c000 	C:\windows\System32\KERNELBASE.dll
0x00007ffcf4d90000 - 0x00007ffcf4ea1000 	C:\windows\System32\ucrtbase.dll
0x00007ffcc7d80000 - 0x00007ffcc7d98000 	C:\Program Files\Java\jdk-17.0.4\bin\jli.dll
0x00007ffcf7230000 - 0x00007ffcf72de000 	C:\windows\System32\ADVAPI32.dll
0x00007ffcf6d90000 - 0x00007ffcf6e33000 	C:\windows\System32\msvcrt.dll
0x00007ffcf5cb0000 - 0x00007ffcf5d4e000 	C:\windows\System32\sechost.dll
0x00007ffcf5ab0000 - 0x00007ffcf5bd0000 	C:\windows\System32\RPCRT4.dll
0x00007ffcf5f10000 - 0x00007ffcf60bd000 	C:\windows\System32\USER32.dll
0x00007ffcf4800000 - 0x00007ffcf4826000 	C:\windows\System32\win32u.dll
0x00007ffcf6200000 - 0x00007ffcf6229000 	C:\windows\System32\GDI32.dll
0x00007ffcf4f70000 - 0x00007ffcf5089000 	C:\windows\System32\gdi32full.dll
0x00007ffcf5090000 - 0x00007ffcf512d000 	C:\windows\System32\msvcp_win.dll
0x00007ffcd4a70000 - 0x00007ffcd4d15000 	C:\windows\WinSxS\amd64_microsoft.windows.common-controls_6595b64144ccf1df_6.0.22000.120_none_9d947278b86cc467\COMCTL32.dll
0x00007ffced760000 - 0x00007ffced76a000 	C:\windows\SYSTEM32\VERSION.dll
0x00007ffccd540000 - 0x00007ffccd55a000 	C:\Program Files\Java\jdk-17.0.4\bin\VCRUNTIME140.dll
0x00007ffcf6e40000 - 0x00007ffcf6e71000 	C:\windows\System32\IMM32.DLL
0x00007ffccd530000 - 0x00007ffccd53c000 	C:\Program Files\Java\jdk-17.0.4\bin\vcruntime140_1.dll
0x00007ffcc6920000 - 0x00007ffcc69ad000 	C:\Program Files\Java\jdk-17.0.4\bin\msvcp140.dll
0x00007ffc4aee0000 - 0x00007ffc4baa2000 	C:\Program Files\Java\jdk-17.0.4\bin\server\jvm.dll
0x00007ffcf6140000 - 0x00007ffcf6148000 	C:\windows\System32\PSAPI.DLL
0x00007ffcf0c20000 - 0x00007ffcf0c29000 	C:\windows\SYSTEM32\WSOCK32.dll
0x00007ffcf60d0000 - 0x00007ffcf613f000 	C:\windows\System32\WS2_32.dll
0x00007ffcecf90000 - 0x00007ffcecfc3000 	C:\windows\SYSTEM32\WINMM.dll
0x00007ffcf39e0000 - 0x00007ffcf39f8000 	C:\windows\SYSTEM32\kernel.appcore.dll
0x00007ffccd450000 - 0x00007ffccd45a000 	C:\Program Files\Java\jdk-17.0.4\bin\jimage.dll
0x00007ffcf2280000 - 0x00007ffcf24a1000 	C:\windows\SYSTEM32\DBGHELP.DLL
0x00007ffcd8830000 - 0x00007ffcd8861000 	C:\windows\SYSTEM32\dbgcore.DLL
0x00007ffcf5130000 - 0x00007ffcf51af000 	C:\windows\System32\bcryptPrimitives.dll
0x00007ffcdb2d0000 - 0x00007ffcdb2de000 	C:\Program Files\Java\jdk-17.0.4\bin\instrument.dll
0x00007ffcc7010000 - 0x00007ffcc7035000 	C:\Program Files\Java\jdk-17.0.4\bin\java.dll
0x00007ffca8b10000 - 0x00007ffca8be6000 	C:\Program Files\Java\jdk-17.0.4\bin\jsvml.dll
0x00007ffcf65d0000 - 0x00007ffcf6d88000 	C:\windows\System32\SHELL32.dll
0x00007ffcf2960000 - 0x00007ffcf31c8000 	C:\windows\SYSTEM32\windows.storage.dll
0x00007ffcf56a0000 - 0x00007ffcf5a19000 	C:\windows\System32\combase.dll
0x00007ffcf27f0000 - 0x00007ffcf2956000 	C:\windows\SYSTEM32\wintypes.dll
0x00007ffcf6e80000 - 0x00007ffcf6f6a000 	C:\windows\System32\SHCORE.dll
0x00007ffcf63b0000 - 0x00007ffcf640d000 	C:\windows\System32\shlwapi.dll
0x00007ffcf4730000 - 0x00007ffcf4751000 	C:\windows\SYSTEM32\profapi.dll
0x00007ffcc6750000 - 0x00007ffcc6768000 	C:\Program Files\Java\jdk-17.0.4\bin\zip.dll
0x00007ffcc6ff0000 - 0x00007ffcc7009000 	C:\Program Files\Java\jdk-17.0.4\bin\net.dll
0x00007ffcedf00000 - 0x00007ffcee00c000 	C:\windows\SYSTEM32\WINHTTP.dll
0x00007ffcf3e10000 - 0x00007ffcf3e77000 	C:\windows\system32\mswsock.dll
0x00007ffcc6c70000 - 0x00007ffcc6c86000 	C:\Program Files\Java\jdk-17.0.4\bin\nio.dll
0x00007ffcc08b0000 - 0x00007ffcc08ca000 	C:\Users\pavit\IntelliJ IDEA Community Edition 2022.2\bin\breakgen64.dll
0x00007ffcc6d30000 - 0x00007ffcc6d40000 	C:\Program Files\Java\jdk-17.0.4\bin\verify.dll
0x00007ffcf3480000 - 0x00007ffcf34ad000 	C:\windows\SYSTEM32\IPHLPAPI.DLL
0x00007ffcf60c0000 - 0x00007ffcf60c9000 	C:\windows\System32\NSI.dll
0x00007ffced770000 - 0x00007ffced789000 	C:\windows\SYSTEM32\dhcpcsvc6.DLL
0x00007ffceda80000 - 0x00007ffceda9e000 	C:\windows\SYSTEM32\dhcpcsvc.DLL
0x00007ffcf34c0000 - 0x00007ffcf35a8000 	C:\windows\SYSTEM32\DNSAPI.dll
0x00007ffce3e60000 - 0x00007ffce3e6a000 	C:\Windows\System32\rasadhlp.dll
0x00007ffce7c00000 - 0x00007ffce7c81000 	C:\windows\System32\fwpuclnt.dll
0x00007ffcc6c60000 - 0x00007ffcc6c69000 	C:\Program Files\Java\jdk-17.0.4\bin\management.dll
0x00007ffcc6910000 - 0x00007ffcc691b000 	C:\Program Files\Java\jdk-17.0.4\bin\management_ext.dll
0x00007ffcd56e0000 - 0x00007ffcd56f7000 	C:\windows\system32\napinsp.dll
0x00007ffcd56c0000 - 0x00007ffcd56db000 	C:\windows\system32\pnrpnsp.dll
0x00007ffcd56a0000 - 0x00007ffcd56b2000 	C:\windows\System32\winrnr.dll
0x00007ffcd55f0000 - 0x00007ffcd5605000 	C:\windows\system32\wshbth.dll
0x00007ffcd55d0000 - 0x00007ffcd55ef000 	C:\windows\system32\nlansp_c.dll
0x00007ffcf4050000 - 0x00007ffcf4068000 	C:\windows\SYSTEM32\CRYPTSP.dll
0x00007ffcf3940000 - 0x00007ffcf3975000 	C:\windows\system32\rsaenh.dll
0x00007ffcf3f00000 - 0x00007ffcf3f29000 	C:\windows\SYSTEM32\USERENV.dll
0x00007ffcf41e0000 - 0x00007ffcf4207000 	C:\windows\SYSTEM32\bcrypt.dll
0x00007ffcf4070000 - 0x00007ffcf407c000 	C:\windows\SYSTEM32\CRYPTBASE.dll
0x00007ffcc5010000 - 0x00007ffcc501e000 	C:\Program Files\Java\jdk-17.0.4\bin\sunmscapi.dll
0x00007ffcf4830000 - 0x00007ffcf4992000 	C:\windows\System32\CRYPT32.dll
0x00007ffcf41b0000 - 0x00007ffcf41d8000 	C:\windows\SYSTEM32\ncrypt.dll
0x00007ffcf4170000 - 0x00007ffcf41a7000 	C:\windows\SYSTEM32\NTASN1.dll
0x00007ffccd840000 - 0x00007ffccd848000 	C:\windows\system32\wshunix.dll

dbghelp: loaded successfully - version: 4.0.5 - missing functions: none
symbol engine: initialized successfully - sym options: 0x614 - pdb path: .;C:\Program Files\Java\jdk-17.0.4\bin;C:\windows\SYSTEM32;C:\windows\WinSxS\amd64_microsoft.windows.common-controls_6595b64144ccf1df_6.0.22000.120_none_9d947278b86cc467;C:\Program Files\Java\jdk-17.0.4\bin\server;C:\Users\pavit\IntelliJ IDEA Community Edition 2022.2\bin

VM Arguments:
jvm_args: -javaagent:C:\Users\pavit\IntelliJ IDEA Community Edition 2022.2\lib\idea_rt.jar=59126:C:\Users\pavit\IntelliJ IDEA Community Edition 2022.2\bin -Dfile.encoding=UTF-8 
java_command: com.projectbypp.usermanagementmicroservices.usermanagementmicroservicesApplication
java_class_path (initial): C:\Users\pavit\OneDrive\Desktop\updated train management ms\usermanagementmicroservices\target\classes;C:\Users\pavit\.m2\repository\org\springframework\boot\spring-boot-starter-data-mongodb\2.7.3\spring-boot-starter-data-mongodb-2.7.3.jar;C:\Users\pavit\.m2\repository\org\springframework\boot\spring-boot-starter\2.7.3\spring-boot-starter-2.7.3.jar;C:\Users\pavit\.m2\repository\org\springframework\boot\spring-boot\2.7.3\spring-boot-2.7.3.jar;C:\Users\pavit\.m2\repository\org\springframework\boot\spring-boot-autoconfigure\2.7.3\spring-boot-autoconfigure-2.7.3.jar;C:\Users\pavit\.m2\repository\org\springframework\boot\spring-boot-starter-logging\2.7.3\spring-boot-starter-logging-2.7.3.jar;C:\Users\pavit\.m2\repository\ch\qos\logback\logback-classic\1.2.11\logback-classic-1.2.11.jar;C:\Users\pavit\.m2\repository\ch\qos\logback\logback-core\1.2.11\logback-core-1.2.11.jar;C:\Users\pavit\.m2\repository\org\apache\logging\log4j\log4j-to-slf4j\2.17.2\log4j-to-slf4j-2.17.2.jar;C:\Users\pavit\.m2\repository\org\apache\logging\log4j\log4j-api\2.17.2\log4j-api-2.17.2.jar;C:\Users\pavit\.m2\repository\org\slf4j\jul-to-slf4j\1.7.36\jul-to-slf4j-1.7.36.jar;C:\Users\pavit\.m2\repository\jakarta\annotation\jakarta.annotation-api\1.3.5\jakarta.annotation-api-1.3.5.jar;C:\Users\pavit\.m2\repository\org\yaml\snakeyaml\1.30\snakeyaml-1.30.jar;C:\Users\pavit\.m2\repository\org\mongodb\mongodb-driver-sync\4.6.1\mongodb-driver-sync-4.6.1.jar;C:\Users\pavit\.m2\repository\org\mongodb\bson\4.6.1\bson-4.6.1.jar;C:\Users\pavit\.m2\repository\org\mongodb\mongodb-driver-core\4.6.1\mongodb-driver-core-4.6.1.jar;C:\Users\pavit\.m2\repository\org\mongodb\bson-record-codec\4.6.1\bson-record-codec-4.6.1.jar;C:\Users\pavit\.m2\repository\org\springframework\data\spring-data-mongodb\3.4.2\spring-data-mongodb-3.4.2.jar;C:\Users\pavit\.m2\repository\org\springframework\spring-tx\5.3.22\spring-tx-5.3.22.jar;C:\Users\pavit\.m2\repository\org\springframework\spring-context\5.3.2
Launcher Type: SUN_STANDARD

[Global flags]
     intx CICompilerCount                          = 4                                         {product} {ergonomic}
     uint ConcGCThreads                            = 2                                         {product} {ergonomic}
     uint G1ConcRefinementThreads                  = 8                                         {product} {ergonomic}
   size_t G1HeapRegionSize                         = 1048576                                   {product} {ergonomic}
    uintx GCDrainStackTargetSize                   = 64                                        {product} {ergonomic}
   size_t InitialHeapSize                          = 132120576                                 {product} {ergonomic}
   size_t MarkStackSize                            = 4194304                                   {product} {ergonomic}
   size_t MaxHeapSize                              = 2082471936                                {product} {ergonomic}
   size_t MaxNewSize                               = 1248854016                                {product} {ergonomic}
   size_t MinHeapDeltaBytes                        = 1048576                                   {product} {ergonomic}
   size_t MinHeapSize                              = 8388608                                   {product} {ergonomic}
    uintx NonNMethodCodeHeapSize                   = 5839372                                {pd product} {ergonomic}
    uintx NonProfiledCodeHeapSize                  = 122909434                              {pd product} {ergonomic}
    uintx ProfiledCodeHeapSize                     = 122909434                              {pd product} {ergonomic}
    uintx ReservedCodeCacheSize                    = 251658240                              {pd product} {ergonomic}
     bool SegmentedCodeCache                       = true                                      {product} {ergonomic}
   size_t SoftMaxHeapSize                          = 2082471936                             {manageable} {ergonomic}
     bool UseCompressedClassPointers               = true                           {product lp64_product} {ergonomic}
     bool UseCompressedOops                        = true                           {product lp64_product} {ergonomic}
     bool UseG1GC                                  = true                                      {product} {ergonomic}
     bool UseLargePagesIndividualAllocation        = false                                  {pd product} {ergonomic}

Logging:
Log output configuration:
 #0: stdout all=warning uptime,level,tags
 #1: stderr all=off uptime,level,tags

Environment Variables:
JAVA_HOME=C:\Program Files\Java\jdk-11.0.13
PATH=C:\Users\pavit\AppData\Local\Programs\Python\Python310\Scripts\;C:\Users\pavit\AppData\Local\Programs\Python\Python310\;D:\softwares\Gradel\gradle-6.5.1-bin\gradle-6.5.1\bin;C:\Program Files\Git\cmd;C:\Program Files\nodejs\;C:\Program Files\MongoDB\Server\6.0\bin;C:\Program Files\RabbitMQ Server\rabbitmq_server-3.10.7\sbin;C:\Windows\System32;C:\Users\pavit\AppData\Local\Microsoft\WindowsApps;D:\softwares\Gradel\gradle-6.5.1-bin\gradle-6.5.1\bin;D:\softwares\Gradel\gradle-6.5.1-bin\gradle-6.5.1\bin;C:\Program Files\Java\jdk-18\bin;D:\softwares\gradle\gradle-6.5.1-bin\gradle-6.5.1\bin;;C:\Users\pavit\AppData\Local\Programs\Microsoft VS Code\bin;C:\Users\pavit\AppData\Roaming\npm;D:\softwares\IntelliJ IDEA 2022.2\bin;;C:\Users\pavit\IntelliJ IDEA Community Edition 2022.2\bin;
USERNAME=pavit
OS=Windows_NT
PROCESSOR_IDENTIFIER=Intel64 Family 6 Model 140 Stepping 2, GenuineIntel



---------------  S Y S T E M  ---------------

OS:
 Windows 11 , 64 bit Build 22000 (10.0.22000.708)
OS uptime: 1 days 3:00 hours

CPU: total 8 (initial active 8) (4 cores per cpu, 2 threads per core) family 6 model 140 stepping 2 microcode 0x28, cx8, cmov, fxsr, ht, mmx, 3dnowpref, sse, sse2, sse3, ssse3, sse4.1, sse4.2, popcnt, lzcnt, tsc, tscinvbit, avx, avx2, aes, erms, clmul, bmi1, bmi2, adx, avx512f, avx512dq, avx512cd, avx512bw, avx512vl, sha, fma, vzeroupper, avx512_vpopcntdq, avx512_vpclmulqdq, avx512_vaes, avx512_vnni, clflush, clflushopt, clwb, avx512_vbmi2, avx512_vbmi

Memory: 4k page, system-wide physical 7941M (766M free)
TotalPageFile size 32517M (AvailPageFile size 0M)
current process WorkingSet (physical memory assigned to process): 38M, peak: 319M
current process commit charge ("private bytes"): 356M, peak: 380M

vm_info: Java HotSpot(TM) 64-Bit Server VM (17.0.4+11-LTS-179) for windows-amd64 JRE (17.0.4+11-LTS-179), built on Jun 28 2022 08:23:05 by "mach5one" with MS VC++ 16.8 / 16.9 (VS2019)

END.
